Performing C++ SOURCE FILE Test COMPILER_SUPPORT_Wshorten64to32 failed with the following output:
Change Dir: /home/rinat/CLionProjects/vision_system_hw/cmake-build-debug/CMakeFiles/CMakeTmp

Run Build Command(s):/snap/clion/189/bin/ninja/linux/ninja cmTC_6ab80 && [1/2] Building CXX object CMakeFiles/cmTC_6ab80.dir/src.cxx.o
FAILED: CMakeFiles/cmTC_6ab80.dir/src.cxx.o 
/usr/bin/c++ -DCOMPILER_SUPPORT_Wshorten64to32  -pedantic -Wall -Wextra -Wundef -Wcast-align -Wchar-subscripts -Wnon-virtual-dtor -Wunused-local-typedefs -Wpointer-arith -Wwrite-strings -Wformat-security -Werror   -Wshorten-64-to-32 -std=c++14 -o CMakeFiles/cmTC_6ab80.dir/src.cxx.o -c /home/rinat/CLionProjects/vision_system_hw/cmake-build-debug/CMakeFiles/CMakeTmp/src.cxx
c++: error: unrecognized command line option '-Wshorten-64-to-32'
ninja: build stopped: subcommand failed.


Source file was:
int main() { return 0; }
Performing C++ SOURCE FILE Test COMPILER_SUPPORT_Wenumconversion failed with the following output:
Change Dir: /home/rinat/CLionProjects/vision_system_hw/cmake-build-debug/CMakeFiles/CMakeTmp

Run Build Command(s):/snap/clion/189/bin/ninja/linux/ninja cmTC_e2aea && [1/2] Building CXX object CMakeFiles/cmTC_e2aea.dir/src.cxx.o
FAILED: CMakeFiles/cmTC_e2aea.dir/src.cxx.o 
/usr/bin/c++ -DCOMPILER_SUPPORT_Wenumconversion  -pedantic -Wall -Wextra -Wundef -Wcast-align -Wchar-subscripts -Wnon-virtual-dtor -Wunused-local-typedefs -Wpointer-arith -Wwrite-strings -Wformat-security -Wlogical-op -Werror   -Wenum-conversion -std=c++14 -o CMakeFiles/cmTC_e2aea.dir/src.cxx.o -c /home/rinat/CLionProjects/vision_system_hw/cmake-build-debug/CMakeFiles/CMakeTmp/src.cxx
c++: error: unrecognized command line option '-Wenum-conversion'; did you mean '-Wno-conversion'?
ninja: build stopped: subcommand failed.


Source file was:
int main() { return 0; }
Performing C++ SOURCE FILE Test COMPILER_SUPPORT_Wcpp11extensions failed with the following output:
Change Dir: /home/rinat/CLionProjects/vision_system_hw/cmake-build-debug/CMakeFiles/CMakeTmp

Run Build Command(s):/snap/clion/189/bin/ninja/linux/ninja cmTC_805da && [1/2] Building CXX object CMakeFiles/cmTC_805da.dir/src.cxx.o
FAILED: CMakeFiles/cmTC_805da.dir/src.cxx.o 
/usr/bin/c++ -DCOMPILER_SUPPORT_Wcpp11extensions  -pedantic -Wall -Wextra -Wundef -Wcast-align -Wchar-subscripts -Wnon-virtual-dtor -Wunused-local-typedefs -Wpointer-arith -Wwrite-strings -Wformat-security -Wlogical-op -Werror   -Wc++11-extensions -std=c++14 -o CMakeFiles/cmTC_805da.dir/src.cxx.o -c /home/rinat/CLionProjects/vision_system_hw/cmake-build-debug/CMakeFiles/CMakeTmp/src.cxx
c++: error: unrecognized command line option '-Wc++11-extensions'; did you mean '-fms-extensions'?
ninja: build stopped: subcommand failed.


Source file was:
int main() { return 0; }
Performing C++ SOURCE FILE Test COMPILER_SUPPORT_wd981 failed with the following output:
Change Dir: /home/rinat/CLionProjects/vision_system_hw/cmake-build-debug/CMakeFiles/CMakeTmp

Run Build Command(s):/snap/clion/189/bin/ninja/linux/ninja cmTC_e7ad7 && [1/2] Building CXX object CMakeFiles/cmTC_e7ad7.dir/src.cxx.o
FAILED: CMakeFiles/cmTC_e7ad7.dir/src.cxx.o 
/usr/bin/c++ -DCOMPILER_SUPPORT_wd981  -pedantic -Wall -Wextra -Wundef -Wcast-align -Wchar-subscripts -Wnon-virtual-dtor -Wunused-local-typedefs -Wpointer-arith -Wwrite-strings -Wformat-security -Wlogical-op -Wdouble-promotion -Wshadow -Wno-psabi -Wno-variadic-macros -Wno-long-long -fno-check-new -fno-common -fstrict-aliasing -Werror   -wd981 -std=c++14 -o CMakeFiles/cmTC_e7ad7.dir/src.cxx.o -c /home/rinat/CLionProjects/vision_system_hw/cmake-build-debug/CMakeFiles/CMakeTmp/src.cxx
c++: error: unrecognized command line option '-wd981'
ninja: build stopped: subcommand failed.


Source file was:
int main() { return 0; }
Performing C++ SOURCE FILE Test COMPILER_SUPPORT_wd2304 failed with the following output:
Change Dir: /home/rinat/CLionProjects/vision_system_hw/cmake-build-debug/CMakeFiles/CMakeTmp

Run Build Command(s):/snap/clion/189/bin/ninja/linux/ninja cmTC_7785f && [1/2] Building CXX object CMakeFiles/cmTC_7785f.dir/src.cxx.o
FAILED: CMakeFiles/cmTC_7785f.dir/src.cxx.o 
/usr/bin/c++ -DCOMPILER_SUPPORT_wd2304  -pedantic -Wall -Wextra -Wundef -Wcast-align -Wchar-subscripts -Wnon-virtual-dtor -Wunused-local-typedefs -Wpointer-arith -Wwrite-strings -Wformat-security -Wlogical-op -Wdouble-promotion -Wshadow -Wno-psabi -Wno-variadic-macros -Wno-long-long -fno-check-new -fno-common -fstrict-aliasing -Werror   -wd2304 -std=c++14 -o CMakeFiles/cmTC_7785f.dir/src.cxx.o -c /home/rinat/CLionProjects/vision_system_hw/cmake-build-debug/CMakeFiles/CMakeTmp/src.cxx
c++: error: unrecognized command line option '-wd2304'
ninja: build stopped: subcommand failed.


Source file was:
int main() { return 0; }
Performing C SOURCE FILE Test CMAKE_HAVE_LIBC_PTHREAD failed with the following output:
Change Dir: /home/rinat/CLionProjects/vision_system_hw/cmake-build-debug/CMakeFiles/CMakeTmp

Run Build Command(s):/snap/clion/189/bin/ninja/linux/ninja cmTC_45082 && [1/2] Building C object CMakeFiles/cmTC_45082.dir/src.c.o
[2/2] Linking C executable cmTC_45082
FAILED: cmTC_45082 
: && /usr/bin/cc   CMakeFiles/cmTC_45082.dir/src.c.o -o cmTC_45082   && :
/usr/bin/ld: CMakeFiles/cmTC_45082.dir/src.c.o: in function `main':
src.c:(.text+0x46): undefined reference to `pthread_create'
/usr/bin/ld: src.c:(.text+0x52): undefined reference to `pthread_detach'
/usr/bin/ld: src.c:(.text+0x5e): undefined reference to `pthread_cancel'
/usr/bin/ld: src.c:(.text+0x6f): undefined reference to `pthread_join'
collect2: error: ld returned 1 exit status
ninja: build stopped: subcommand failed.


Source file was:
#include <pthread.h>

static void* test_func(void* data)
{
  return data;
}

int main(void)
{
  pthread_t thread;
  pthread_create(&thread, NULL, test_func, NULL);
  pthread_detach(thread);
  pthread_cancel(thread);
  pthread_join(thread, NULL);
  pthread_atfork(NULL, NULL, NULL);
  pthread_exit(NULL);

  return 0;
}

Determining if the function pthread_create exists in the pthreads failed with the following output:
Change Dir: /home/rinat/CLionProjects/vision_system_hw/cmake-build-debug/CMakeFiles/CMakeTmp

Run Build Command(s):/snap/clion/189/bin/ninja/linux/ninja cmTC_e7adb && [1/2] Building C object CMakeFiles/cmTC_e7adb.dir/CheckFunctionExists.c.o
[2/2] Linking C executable cmTC_e7adb
FAILED: cmTC_e7adb 
: && /usr/bin/cc -DCHECK_FUNCTION_EXISTS=pthread_create  CMakeFiles/cmTC_e7adb.dir/CheckFunctionExists.c.o -o cmTC_e7adb  -lpthreads && :
/usr/bin/ld: cannot find -lpthreads
collect2: error: ld returned 1 exit status
ninja: build stopped: subcommand failed.



